Analysis & Synthesis report for MIC_1
Sat Aug 23 23:16:49 2025
Quartus Prime Version 24.1std.0 Build 1077 03/04/2025 SC Lite Edition


---------------------
; Table of Contents ;
---------------------
  1. Legal Notice
  2. Analysis & Synthesis Summary
  3. Analysis & Synthesis Settings
  4. Parallel Compilation
  5. Analysis & Synthesis Source Files Read
  6. Analysis & Synthesis Resource Usage Summary
  7. Analysis & Synthesis Resource Utilization by Entity
  8. Registers Removed During Synthesis
  9. General Register Statistics
 10. Multiplexer Restructuring Statistics (Restructuring Performed)
 11. Post-Synthesis Netlist Statistics for Top Partition
 12. Elapsed Time Per Partition
 13. Analysis & Synthesis Messages



----------------
; Legal Notice ;
----------------
Copyright (C) 2025  Altera Corporation. All rights reserved.
Your use of Altera Corporation's design tools, logic functions 
and other software and tools, and any partner logic 
functions, and any output files from any of the foregoing 
(including device programming or simulation files), and any 
associated documentation or information are expressly subject 
to the terms and conditions of the Altera Program License 
Subscription Agreement, the Altera Quartus Prime License Agreement,
the Altera IP License Agreement, or other applicable license
agreement, including, without limitation, that your use is for
the sole purpose of programming logic devices manufactured by
Altera and sold by Altera or its authorized distributors.  Please
refer to the Altera Software License Subscription Agreements 
on the Quartus Prime software download page.



+-----------------------------------------------------------------------------------+
; Analysis & Synthesis Summary                                                      ;
+---------------------------------+-------------------------------------------------+
; Analysis & Synthesis Status     ; Successful - Sat Aug 23 23:16:49 2025           ;
; Quartus Prime Version           ; 24.1std.0 Build 1077 03/04/2025 SC Lite Edition ;
; Revision Name                   ; MIC_1                                           ;
; Top-level Entity Name           ; mic1_draw                                       ;
; Family                          ; Cyclone V                                       ;
; Logic utilization (in ALMs)     ; N/A                                             ;
; Total registers                 ; 264                                             ;
; Total pins                      ; 169                                             ;
; Total virtual pins              ; 0                                               ;
; Total block memory bits         ; 0                                               ;
; Total DSP Blocks                ; 0                                               ;
; Total HSSI RX PCSs              ; 0                                               ;
; Total HSSI PMA RX Deserializers ; 0                                               ;
; Total HSSI TX PCSs              ; 0                                               ;
; Total HSSI PMA TX Serializers   ; 0                                               ;
; Total PLLs                      ; 0                                               ;
; Total DLLs                      ; 0                                               ;
+---------------------------------+-------------------------------------------------+


+---------------------------------------------------------------------------------------------------------------------------+
; Analysis & Synthesis Settings                                                                                             ;
+---------------------------------------------------------------------------------+--------------------+--------------------+
; Option                                                                          ; Setting            ; Default Value      ;
+---------------------------------------------------------------------------------+--------------------+--------------------+
; Device                                                                          ; 5CGXFC7C7F23C8     ;                    ;
; Top-level entity name                                                           ; mic1_draw          ; MIC_1              ;
; Family name                                                                     ; Cyclone V          ; Cyclone V          ;
; VHDL Show LMF Mapping Messages                                                  ; Off                ;                    ;
; VHDL Version                                                                    ; VHDL_2008          ; VHDL_1993          ;
; Use smart compilation                                                           ; Off                ; Off                ;
; Enable parallel Assembler and Timing Analyzer during compilation                ; On                 ; On                 ;
; Enable compact report table                                                     ; Off                ; Off                ;
; Restructure Multiplexers                                                        ; Auto               ; Auto               ;
; MLAB Add Timing Constraints For Mixed-Port Feed-Through Mode Setting Don't Care ; Off                ; Off                ;
; Create Debugging Nodes for IP Cores                                             ; Off                ; Off                ;
; Preserve fewer node names                                                       ; On                 ; On                 ;
; Intel FPGA IP Evaluation Mode                                                   ; Enable             ; Enable             ;
; Verilog Version                                                                 ; Verilog_2001       ; Verilog_2001       ;
; State Machine Processing                                                        ; Auto               ; Auto               ;
; Safe State Machine                                                              ; Off                ; Off                ;
; Extract Verilog State Machines                                                  ; On                 ; On                 ;
; Extract VHDL State Machines                                                     ; On                 ; On                 ;
; Ignore Verilog initial constructs                                               ; Off                ; Off                ;
; Iteration limit for constant Verilog loops                                      ; 5000               ; 5000               ;
; Iteration limit for non-constant Verilog loops                                  ; 250                ; 250                ;
; Add Pass-Through Logic to Inferred RAMs                                         ; On                 ; On                 ;
; Infer RAMs from Raw Logic                                                       ; On                 ; On                 ;
; Parallel Synthesis                                                              ; On                 ; On                 ;
; DSP Block Balancing                                                             ; Auto               ; Auto               ;
; NOT Gate Push-Back                                                              ; On                 ; On                 ;
; Power-Up Don't Care                                                             ; On                 ; On                 ;
; Remove Redundant Logic Cells                                                    ; Off                ; Off                ;
; Remove Duplicate Registers                                                      ; On                 ; On                 ;
; Ignore CARRY Buffers                                                            ; Off                ; Off                ;
; Ignore CASCADE Buffers                                                          ; Off                ; Off                ;
; Ignore GLOBAL Buffers                                                           ; Off                ; Off                ;
; Ignore ROW GLOBAL Buffers                                                       ; Off                ; Off                ;
; Ignore LCELL Buffers                                                            ; Off                ; Off                ;
; Ignore SOFT Buffers                                                             ; On                 ; On                 ;
; Limit AHDL Integers to 32 Bits                                                  ; Off                ; Off                ;
; Optimization Technique                                                          ; Balanced           ; Balanced           ;
; Carry Chain Length                                                              ; 70                 ; 70                 ;
; Auto Carry Chains                                                               ; On                 ; On                 ;
; Auto Open-Drain Pins                                                            ; On                 ; On                 ;
; Perform WYSIWYG Primitive Resynthesis                                           ; Off                ; Off                ;
; Auto ROM Replacement                                                            ; On                 ; On                 ;
; Auto RAM Replacement                                                            ; On                 ; On                 ;
; Auto DSP Block Replacement                                                      ; On                 ; On                 ;
; Auto Shift Register Replacement                                                 ; Auto               ; Auto               ;
; Allow Shift Register Merging across Hierarchies                                 ; Auto               ; Auto               ;
; Auto Clock Enable Replacement                                                   ; On                 ; On                 ;
; Strict RAM Replacement                                                          ; Off                ; Off                ;
; Allow Synchronous Control Signals                                               ; On                 ; On                 ;
; Force Use of Synchronous Clear Signals                                          ; Off                ; Off                ;
; Auto Resource Sharing                                                           ; Off                ; Off                ;
; Allow Any RAM Size For Recognition                                              ; Off                ; Off                ;
; Allow Any ROM Size For Recognition                                              ; Off                ; Off                ;
; Allow Any Shift Register Size For Recognition                                   ; Off                ; Off                ;
; Use LogicLock Constraints during Resource Balancing                             ; On                 ; On                 ;
; Ignore translate_off and synthesis_off directives                               ; Off                ; Off                ;
; Timing-Driven Synthesis                                                         ; On                 ; On                 ;
; Report Parameter Settings                                                       ; On                 ; On                 ;
; Report Source Assignments                                                       ; On                 ; On                 ;
; Report Connectivity Checks                                                      ; On                 ; On                 ;
; Ignore Maximum Fan-Out Assignments                                              ; Off                ; Off                ;
; Synchronization Register Chain Length                                           ; 3                  ; 3                  ;
; Power Optimization During Synthesis                                             ; Normal compilation ; Normal compilation ;
; HDL message level                                                               ; Level2             ; Level2             ;
; Suppress Register Optimization Related Messages                                 ; Off                ; Off                ;
; Number of Removed Registers Reported in Synthesis Report                        ; 5000               ; 5000               ;
; Number of Swept Nodes Reported in Synthesis Report                              ; 5000               ; 5000               ;
; Number of Inverted Registers Reported in Synthesis Report                       ; 100                ; 100                ;
; Clock MUX Protection                                                            ; On                 ; On                 ;
; Auto Gated Clock Conversion                                                     ; Off                ; Off                ;
; Block Design Naming                                                             ; Auto               ; Auto               ;
; SDC constraint protection                                                       ; Off                ; Off                ;
; Synthesis Effort                                                                ; Auto               ; Auto               ;
; Shift Register Replacement - Allow Asynchronous Clear Signal                    ; On                 ; On                 ;
; Pre-Mapping Resynthesis Optimization                                            ; Off                ; Off                ;
; Analysis & Synthesis Message Level                                              ; Medium             ; Medium             ;
; Disable Register Merging Across Hierarchies                                     ; Auto               ; Auto               ;
; Resource Aware Inference For Block RAM                                          ; On                 ; On                 ;
; Automatic Parallel Synthesis                                                    ; On                 ; On                 ;
; Partial Reconfiguration Bitstream ID                                            ; Off                ; Off                ;
+---------------------------------------------------------------------------------+--------------------+--------------------+


+------------------------------------------+
; Parallel Compilation                     ;
+----------------------------+-------------+
; Processors                 ; Number      ;
+----------------------------+-------------+
; Number detected on machine ; 12          ;
; Maximum allowed            ; 12          ;
;                            ;             ;
; Average used               ; 1.00        ;
; Maximum used               ; 12          ;
;                            ;             ;
; Usage by Processor         ; % Time Used ;
;     Processor 1            ; 100.0%      ;
;     Processors 2-12        ;   0.0%      ;
+----------------------------+-------------+


+---------------------------------------------------------------------------------------------------------------------------------------------------------------------------------+
; Analysis & Synthesis Source Files Read                                                                                                                                          ;
+----------------------------------+-----------------+------------------------------------+-----------------------------------------------------------------------------+---------+
; File Name with User-Entered Path ; Used in Netlist ; File Type                          ; File Name with Absolute Path                                                ; Library ;
+----------------------------------+-----------------+------------------------------------+-----------------------------------------------------------------------------+---------+
; mic1_pkg.vhd                     ; yes             ; User VHDL File                     ; /home/luizhengs/Documentos/UFPB/7_Periodo/Arquitetura_II/mic1_pkg.vhd       ;         ;
; ula.vhd                          ; yes             ; User VHDL File                     ; /home/luizhengs/Documentos/UFPB/7_Periodo/Arquitetura_II/ula.vhd            ;         ;
; shifter.vhd                      ; yes             ; User VHDL File                     ; /home/luizhengs/Documentos/UFPB/7_Periodo/Arquitetura_II/shifter.vhd        ;         ;
; mic1_draw.bdf                    ; yes             ; User Block Diagram/Schematic File  ; /home/luizhengs/Documentos/UFPB/7_Periodo/Arquitetura_II/mic1_draw.bdf      ;         ;
; mic1_regs_core.vhd               ; yes             ; User VHDL File                     ; /home/luizhengs/Documentos/UFPB/7_Periodo/Arquitetura_II/mic1_regs_core.vhd ;         ;
+----------------------------------+-----------------+------------------------------------+-----------------------------------------------------------------------------+---------+


+---------------------------------------------------------+
; Analysis & Synthesis Resource Usage Summary             ;
+---------------------------------------------+-----------+
; Resource                                    ; Usage     ;
+---------------------------------------------+-----------+
; Estimate of Logic utilization (ALMs needed) ; 371       ;
;                                             ;           ;
; Combinational ALUT usage for logic          ; 520       ;
;     -- 7 input functions                    ; 21        ;
;     -- 6 input functions                    ; 145       ;
;     -- 5 input functions                    ; 157       ;
;     -- 4 input functions                    ; 92        ;
;     -- <=3 input functions                  ; 105       ;
;                                             ;           ;
; Dedicated logic registers                   ; 264       ;
;                                             ;           ;
; I/O pins                                    ; 169       ;
;                                             ;           ;
; Total DSP Blocks                            ; 0         ;
;                                             ;           ;
; Maximum fan-out node                        ; clk~input ;
; Maximum fan-out                             ; 264       ;
; Total fan-out                               ; 3911      ;
; Average fan-out                             ; 3.49      ;
+---------------------------------------------+-----------+


+------------------------------------------------------------------------------------------------------------------------------------------------------------------------------------------------------+
; Analysis & Synthesis Resource Utilization by Entity                                                                                                                                                  ;
+----------------------------+---------------------+---------------------------+-------------------+------------+------+--------------+--------------------------------+----------------+--------------+
; Compilation Hierarchy Node ; Combinational ALUTs ; Dedicated Logic Registers ; Block Memory Bits ; DSP Blocks ; Pins ; Virtual Pins ; Full Hierarchy Name            ; Entity Name    ; Library Name ;
+----------------------------+---------------------+---------------------------+-------------------+------------+------+--------------+--------------------------------+----------------+--------------+
; |mic1_draw                 ; 520 (0)             ; 264 (0)                   ; 0                 ; 0          ; 169  ; 0            ; |mic1_draw                     ; mic1_draw      ; work         ;
;    |mic1_regs_core:inst|   ; 171 (171)           ; 264 (264)                 ; 0                 ; 0          ; 0    ; 0            ; |mic1_draw|mic1_regs_core:inst ; mic1_regs_core ; work         ;
;    |shifter:inst3|         ; 106 (106)           ; 0 (0)                     ; 0                 ; 0          ; 0    ; 0            ; |mic1_draw|shifter:inst3       ; shifter        ; work         ;
;    |ula:inst2|             ; 243 (243)           ; 0 (0)                     ; 0                 ; 0          ; 0    ; 0            ; |mic1_draw|ula:inst2           ; ula            ; work         ;
+----------------------------+---------------------+---------------------------+-------------------+------------+------+--------------+--------------------------------+----------------+--------------+
Note: For table entries with two numbers listed, the numbers in parentheses indicate the number of resources of the given type used by the specific entity alone. The numbers listed outside of parentheses indicate the total resources of the given type used by the specific entity and all of its sub-entities in the hierarchy.


+-----------------------------------------------------------------------------------+
; Registers Removed During Synthesis                                                ;
+----------------------------------------+------------------------------------------+
; Register name                          ; Reason for Removal                       ;
+----------------------------------------+------------------------------------------+
; mic1_regs_core:inst|MBRu[8..31]        ; Stuck at GND due to stuck port data_in   ;
; mic1_regs_core:inst|MBRs[7..9,11..31]  ; Merged with mic1_regs_core:inst|MBRs[10] ;
; mic1_regs_core:inst|MBRu[7]            ; Merged with mic1_regs_core:inst|MBRs[10] ;
; mic1_regs_core:inst|MBRu[6]            ; Merged with mic1_regs_core:inst|MBRs[6]  ;
; mic1_regs_core:inst|MBRu[5]            ; Merged with mic1_regs_core:inst|MBRs[5]  ;
; mic1_regs_core:inst|MBRu[4]            ; Merged with mic1_regs_core:inst|MBRs[4]  ;
; mic1_regs_core:inst|MBRu[3]            ; Merged with mic1_regs_core:inst|MBRs[3]  ;
; mic1_regs_core:inst|MBRu[2]            ; Merged with mic1_regs_core:inst|MBRs[2]  ;
; mic1_regs_core:inst|MBRu[1]            ; Merged with mic1_regs_core:inst|MBRs[1]  ;
; mic1_regs_core:inst|MBRu[0]            ; Merged with mic1_regs_core:inst|MBRs[0]  ;
; Total Number of Removed Registers = 56 ;                                          ;
+----------------------------------------+------------------------------------------+


+------------------------------------------------------+
; General Register Statistics                          ;
+----------------------------------------------+-------+
; Statistic                                    ; Value ;
+----------------------------------------------+-------+
; Total registers                              ; 264   ;
; Number of registers using Synchronous Clear  ; 0     ;
; Number of registers using Synchronous Load   ; 32    ;
; Number of registers using Asynchronous Clear ; 264   ;
; Number of registers using Asynchronous Load  ; 0     ;
; Number of registers using Clock Enable       ; 264   ;
; Number of registers using Preset             ; 0     ;
+----------------------------------------------+-------+


+-------------------------------------------------------------------------------------------------------------------------------------------------------+
; Multiplexer Restructuring Statistics (Restructuring Performed)                                                                                        ;
+--------------------+-----------+---------------+----------------------+------------------------+------------+-----------------------------------------+
; Multiplexer Inputs ; Bus Width ; Baseline Area ; Area if Restructured ; Saving if Restructured ; Registered ; Example Multiplexer Output              ;
+--------------------+-----------+---------------+----------------------+------------------------+------------+-----------------------------------------+
; 3:1                ; 32 bits   ; 64 LEs        ; 0 LEs                ; 64 LEs                 ; Yes        ; |mic1_draw|mic1_regs_core:inst|MDR[25]  ;
; 3:1                ; 23 bits   ; 46 LEs        ; 46 LEs               ; 0 LEs                  ; No         ; |mic1_draw|shifter:inst3|Q[18]          ;
; 3:1                ; 8 bits    ; 16 LEs        ; 16 LEs               ; 0 LEs                  ; No         ; |mic1_draw|shifter:inst3|Q[7]           ;
; 10:1               ; 8 bits    ; 48 LEs        ; 48 LEs               ; 0 LEs                  ; No         ; |mic1_draw|mic1_regs_core:inst|B_out[1] ;
; 11:1               ; 24 bits   ; 168 LEs       ; 168 LEs              ; 0 LEs                  ; No         ; |mic1_draw|mic1_regs_core:inst|B_out[8] ;
; 20:1               ; 31 bits   ; 403 LEs       ; 372 LEs              ; 31 LEs                 ; No         ; |mic1_draw|ula:inst2|Mux8               ;
; 6:1                ; 32 bits   ; 128 LEs       ; 128 LEs              ; 0 LEs                  ; No         ; |mic1_draw|ula:inst2|Add1               ;
; 6:1                ; 32 bits   ; 128 LEs       ; 64 LEs               ; 64 LEs                 ; No         ; |mic1_draw|ula:inst2|Add1               ;
+--------------------+-----------+---------------+----------------------+------------------------+------------+-----------------------------------------+


+-----------------------------------------------------+
; Post-Synthesis Netlist Statistics for Top Partition ;
+-----------------------+-----------------------------+
; Type                  ; Count                       ;
+-----------------------+-----------------------------+
; arriav_ff             ; 264                         ;
;     ENA CLR           ; 232                         ;
;     ENA CLR SLD       ; 32                          ;
; arriav_lcell_comb     ; 520                         ;
;     arith             ; 65                          ;
;         1 data inputs ; 1                           ;
;         2 data inputs ; 8                           ;
;         3 data inputs ; 24                          ;
;         5 data inputs ; 32                          ;
;     extend            ; 21                          ;
;         7 data inputs ; 21                          ;
;     normal            ; 434                         ;
;         2 data inputs ; 14                          ;
;         3 data inputs ; 58                          ;
;         4 data inputs ; 92                          ;
;         5 data inputs ; 125                         ;
;         6 data inputs ; 145                         ;
; boundary_port         ; 169                         ;
;                       ;                             ;
; Max LUT depth         ; 13.10                       ;
; Average LUT depth     ; 10.27                       ;
+-----------------------+-----------------------------+


+-------------------------------+
; Elapsed Time Per Partition    ;
+----------------+--------------+
; Partition Name ; Elapsed Time ;
+----------------+--------------+
; Top            ; 00:00:01     ;
+----------------+--------------+


+-------------------------------+
; Analysis & Synthesis Messages ;
+-------------------------------+
Info: *******************************************************************
Info: Running Quartus Prime Analysis & Synthesis
    Info: Version 24.1std.0 Build 1077 03/04/2025 SC Lite Edition
    Info: Processing started: Sat Aug 23 23:16:37 2025
Info: Command: quartus_map --read_settings_files=on --write_settings_files=off MIC_1 -c MIC_1
Warning (18236): Number of processors has not been specified which may cause overloading on shared machines.  Set the global assignment NUM_PARALLEL_PROCESSORS in your QSF to an appropriate value for best performance.
Info (20030): Parallel compilation is enabled and will use 12 of the 12 processors detected
Info (12021): Found 2 design units, including 0 entities, in source file mic1_pkg.vhd
    Info (12022): Found design unit 1: mic1_pkg File: /home/luizhengs/Documentos/UFPB/7_Periodo/Arquitetura_II/mic1_pkg.vhd Line: 5
    Info (12022): Found design unit 2: mic1_pkg-body File: /home/luizhengs/Documentos/UFPB/7_Periodo/Arquitetura_II/mic1_pkg.vhd Line: 39
Info (12021): Found 2 design units, including 1 entities, in source file ula.vhd
    Info (12022): Found design unit 1: ula-rtl File: /home/luizhengs/Documentos/UFPB/7_Periodo/Arquitetura_II/ula.vhd Line: 15
    Info (12023): Found entity 1: ula File: /home/luizhengs/Documentos/UFPB/7_Periodo/Arquitetura_II/ula.vhd Line: 5
Info (12021): Found 2 design units, including 1 entities, in source file shifter.vhd
    Info (12022): Found design unit 1: shifter-rtl File: /home/luizhengs/Documentos/UFPB/7_Periodo/Arquitetura_II/shifter.vhd Line: 17
    Info (12023): Found entity 1: shifter File: /home/luizhengs/Documentos/UFPB/7_Periodo/Arquitetura_II/shifter.vhd Line: 6
Info (12021): Found 2 design units, including 1 entities, in source file mic1_datapath.vhd
    Info (12022): Found design unit 1: mic1_datapath-structural File: /home/luizhengs/Documentos/UFPB/7_Periodo/Arquitetura_II/mic1_datapath.vhd Line: 40
    Info (12023): Found entity 1: mic1_datapath File: /home/luizhengs/Documentos/UFPB/7_Periodo/Arquitetura_II/mic1_datapath.vhd Line: 6
Info (12021): Found 1 design units, including 1 entities, in source file mic1_draw.bdf
    Info (12023): Found entity 1: mic1_draw
Info (12021): Found 2 design units, including 1 entities, in source file mic1_regs_core.vhd
    Info (12022): Found design unit 1: mic1_regs_core-rtl File: /home/luizhengs/Documentos/UFPB/7_Periodo/Arquitetura_II/mic1_regs_core.vhd Line: 31
    Info (12023): Found entity 1: mic1_regs_core File: /home/luizhengs/Documentos/UFPB/7_Periodo/Arquitetura_II/mic1_regs_core.vhd Line: 6
Info (12127): Elaborating entity "mic1_draw" for the top level hierarchy
Info (12128): Elaborating entity "shifter" for hierarchy "shifter:inst3"
Info (12128): Elaborating entity "ula" for hierarchy "ula:inst2"
Info (12128): Elaborating entity "mic1_regs_core" for hierarchy "mic1_regs_core:inst"
Warning (10036): Verilog HDL or VHDL warning at mic1_regs_core.vhd(42): object "MAR" assigned a value but never read File: /home/luizhengs/Documentos/UFPB/7_Periodo/Arquitetura_II/mic1_regs_core.vhd Line: 42
Info (286030): Timing-Driven Synthesis is running
Info (16010): Generating hard_block partition "hard_block:auto_generated_inst"
    Info (16011): Adding 0 node(s), including 0 DDIO, 0 PLL, 0 transceiver and 0 LCELL
Warning (21074): Design contains 1 input pin(s) that do not drive logic
    Warning (15610): No output dependent on input pin "enMAR"
Info (21057): Implemented 953 device resources after synthesis - the final resource count might be different
    Info (21058): Implemented 71 input pins
    Info (21059): Implemented 98 output pins
    Info (21061): Implemented 784 logic cells
Info: Quartus Prime Analysis & Synthesis was successful. 0 errors, 4 warnings
    Info: Peak virtual memory: 567 megabytes
    Info: Processing ended: Sat Aug 23 23:16:49 2025
    Info: Elapsed time: 00:00:12
    Info: Total CPU time (on all processors): 00:00:27


